[0.056s] Invoking command in '/home/ubuntu/Desktop/ros2_ws/CatchRobo-r08/build/robstride_core': /usr/bin/cmake /home/ubuntu/Desktop/ros2_ws/CatchRobo-r08/src/robstride_core -DCATKIN_INSTALL_INTO_PREFIX_ROOT=0 -DCMAKE_INSTALL_PREFIX=/home/ubuntu/Desktop/ros2_ws/CatchRobo-r08/install/robstride_core
[0.195s] -- The C compiler identification is GNU 11.4.0
[0.288s] -- The CXX compiler identification is GNU 11.4.0
[0.298s] -- Detecting C compiler ABI info
[0.366s] -- Detecting C compiler ABI info - done
[0.371s] -- Check for working C compiler: /usr/bin/cc - skipped
[0.372s] -- Detecting C compile features
[0.373s] -- Detecting C compile features - done
[0.376s] -- Detecting CXX compiler ABI info
[0.447s] -- Detecting CXX compiler ABI info - done
[0.452s] -- Check for working CXX compiler: /usr/bin/c++ - skipped
[0.452s] -- Detecting CXX compile features
[0.453s] -- Detecting CXX compile features - done
[0.462s] -- Found ament_cmake: 1.3.5 (/opt/ros/humble/share/ament_cmake/cmake)
[0.612s] -- Found Python3: /usr/bin/python3.10 (found version "3.10.12") found components: Interpreter 
[0.718s] -- Found rosidl_default_generators: 1.2.0 (/opt/ros/humble/share/rosidl_default_generators/cmake)
[0.723s] -- Using all available rosidl_typesupport_c: rosidl_typesupport_fastrtps_c;rosidl_typesupport_introspection_c
[0.733s] -- Found rosidl_adapter: 3.1.5 (/opt/ros/humble/share/rosidl_adapter/cmake)
[0.808s] -- Using all available rosidl_typesupport_cpp: rosidl_typesupport_fastrtps_cpp;rosidl_typesupport_introspection_cpp
[0.854s] -- Found builtin_interfaces: 1.2.1 (/opt/ros/humble/share/builtin_interfaces/cmake)
[0.880s] -- Found rclcpp: 16.0.6 (/opt/ros/humble/share/rclcpp/cmake)
[0.955s] -- Found rmw_implementation_cmake: 6.1.1 (/opt/ros/humble/share/rmw_implementation_cmake/cmake)
[0.959s] -- Found rmw_fastrtps_cpp: 6.2.4 (/opt/ros/humble/share/rmw_fastrtps_cpp/cmake)
[1.077s] -- Found OpenSSL: /usr/lib/x86_64-linux-gnu/libcrypto.so (found version "3.0.2")  
[1.113s] -- Found FastRTPS: /opt/ros/humble/include  
[1.172s] -- Using RMW implementation 'rmw_fastrtps_cpp' as default
[1.187s] -- Looking for pthread.h
[1.253s] -- Looking for pthread.h - found
[1.253s] -- Performing Test CMAKE_HAVE_LIBC_PTHREAD
[1.315s] -- Performing Test CMAKE_HAVE_LIBC_PTHREAD - Success
[1.316s] -- Found Threads: TRUE  
[1.697s] -- Found ament_cmake_ros: 0.10.0 (/opt/ros/humble/share/ament_cmake_ros/cmake)
[1.861s] -- Using all available rosidl_typesupport_c: rosidl_typesupport_fastrtps_c;rosidl_typesupport_introspection_c
[2.076s] -- Using all available rosidl_typesupport_cpp: rosidl_typesupport_fastrtps_cpp;rosidl_typesupport_introspection_cpp
[2.098s] -- Found PythonInterp: /usr/bin/python3 (found suitable version "3.10.12", minimum required is "3.6") 
[2.102s] -- Found python_cmake_module: 0.10.0 (/opt/ros/humble/share/python_cmake_module/cmake)
[2.132s] -- Found PythonLibs: /usr/lib/x86_64-linux-gnu/libpython3.10.so (found suitable version "3.10.12", minimum required is "3.5") 
[2.132s] -- Using PYTHON_EXECUTABLE: /usr/bin/python3
[2.132s] -- Using PYTHON_INCLUDE_DIRS: /usr/include/python3.10
[2.132s] -- Using PYTHON_LIBRARIES: /usr/lib/x86_64-linux-gnu/libpython3.10.so
[2.150s] -- Found PythonExtra: .so  
[2.188s] [0mCMake Deprecation Warning at /opt/ros/humble/share/rosidl_cmake/cmake/rosidl_target_interfaces.cmake:32 (message):
[2.188s]   Use rosidl_get_typesupport_target() and target_link_libraries() instead of
[2.188s]   rosidl_target_interfaces()
[2.188s] Call Stack (most recent call first):
[2.188s]   CMakeLists.txt:27 (rosidl_target_interfaces)
[2.188s] 
[2.188s] [0m
[2.188s] [0mCMake Deprecation Warning at /opt/ros/humble/share/rosidl_cmake/cmake/rosidl_target_interfaces.cmake:32 (message):
[2.188s]   Use rosidl_get_typesupport_target() and target_link_libraries() instead of
[2.188s]   rosidl_target_interfaces()
[2.188s] Call Stack (most recent call first):
[2.189s]   CMakeLists.txt:31 (rosidl_target_interfaces)
[2.189s] 
[2.189s] [0m
[2.205s] -- Configuring done
[2.283s] -- Generating done
[2.286s] [33mCMake Warning:
[2.286s]   Manually-specified variables were not used by the project:
[2.286s] 
[2.287s]     CATKIN_INSTALL_INTO_PREFIX_ROOT
[2.287s] 
[2.287s] [0m
[2.287s] -- Build files have been written to: /home/ubuntu/Desktop/ros2_ws/CatchRobo-r08/build/robstride_core
[2.299s] Invoked command in '/home/ubuntu/Desktop/ros2_ws/CatchRobo-r08/build/robstride_core' returned '0': /usr/bin/cmake /home/ubuntu/Desktop/ros2_ws/CatchRobo-r08/src/robstride_core -DCATKIN_INSTALL_INTO_PREFIX_ROOT=0 -DCMAKE_INSTALL_PREFIX=/home/ubuntu/Desktop/ros2_ws/CatchRobo-r08/install/robstride_core
[2.301s] Invoking command in '/home/ubuntu/Desktop/ros2_ws/CatchRobo-r08/build/robstride_core': /usr/bin/cmake --build /home/ubuntu/Desktop/ros2_ws/CatchRobo-r08/build/robstride_core -- -j16 -l16
[2.336s] [  2%] [34m[1mGenerating C code for ROS interfaces[0m
[2.343s] [  4%] [34m[1mGenerating C++ code for ROS interfaces[0m
[2.350s] [  4%] Built target ament_cmake_python_copy_robstride_core
[2.600s] running egg_info
[2.600s] creating robstride_core.egg-info
[2.601s] writing robstride_core.egg-info/PKG-INFO
[2.602s] writing dependency_links to robstride_core.egg-info/dependency_links.txt
[2.602s] writing top-level names to robstride_core.egg-info/top_level.txt
[2.602s] writing manifest file 'robstride_core.egg-info/SOURCES.txt'
[2.605s] reading manifest file 'robstride_core.egg-info/SOURCES.txt'
[2.606s] writing manifest file 'robstride_core.egg-info/SOURCES.txt'
[2.632s] [  4%] Built target ament_cmake_python_build_robstride_core_egg
[2.671s] [  4%] Built target robstride_core__cpp
[2.681s] [  6%] [34m[1mGenerating C++ type support dispatch for ROS interfaces[0m
[2.681s] [ 11%] [34m[1mGenerating C++ type support for eProsima Fast-RTPS[0m
[2.681s] [ 11%] [34m[1mGenerating C++ introspection for ROS interfaces[0m
[2.697s] [ 13%] [32mBuilding C object CMakeFiles/robstride_core__rosidl_generator_c.dir/rosidl_generator_c/robstride_core/msg/detail/mit_cmd__functions.c.o[0m
[2.697s] [ 16%] [32mBuilding C object CMakeFiles/robstride_core__rosidl_generator_c.dir/rosidl_generator_c/robstride_core/msg/detail/goal_event__functions.c.o[0m
[2.760s] [ 18%] [32m[1mLinking C shared library librobstride_core__rosidl_generator_c.so[0m
[2.791s] [ 18%] Built target robstride_core__rosidl_generator_c
[2.800s] [ 20%] [34m[1mGenerating C type support for eProsima Fast-RTPS[0m
[2.801s] [ 23%] [34m[1mGenerating C introspection for ROS interfaces[0m
[2.802s] [ 25%] [34m[1mGenerating C type support dispatch for ROS interfaces[0m
[2.965s] [ 30%] [32mBuilding CXX object CMakeFiles/robstride_core__rosidl_typesupport_cpp.dir/rosidl_typesupport_cpp/robstride_core/msg/mit_cmd__type_support.cpp.o[0m
[2.966s] [ 30%] [32mBuilding CXX object CMakeFiles/robstride_core__rosidl_typesupport_cpp.dir/rosidl_typesupport_cpp/robstride_core/msg/goal_event__type_support.cpp.o[0m
[2.976s] [ 34%] [32mBuilding CXX object CMakeFiles/robstride_core__rosidl_typesupport_introspection_cpp.dir/rosidl_typesupport_introspection_cpp/robstride_core/msg/detail/mit_cmd__type_support.cpp.o[0m
[2.976s] [ 34%] [32mBuilding CXX object CMakeFiles/robstride_core__rosidl_typesupport_introspection_cpp.dir/rosidl_typesupport_introspection_cpp/robstride_core/msg/detail/goal_event__type_support.cpp.o[0m
[3.027s] [ 39%] [32mBuilding CXX object CMakeFiles/robstride_core__rosidl_typesupport_fastrtps_cpp.dir/rosidl_typesupport_fastrtps_cpp/robstride_core/msg/detail/dds_fastrtps/mit_cmd__type_support.cpp.o[0m
[3.027s] [ 39%] [32mBuilding CXX object CMakeFiles/robstride_core__rosidl_typesupport_fastrtps_cpp.dir/rosidl_typesupport_fastrtps_cpp/robstride_core/msg/detail/dds_fastrtps/goal_event__type_support.cpp.o[0m
[3.136s] [ 44%] [32mBuilding CXX object CMakeFiles/robstride_core__rosidl_typesupport_c.dir/rosidl_typesupport_c/robstride_core/msg/goal_event__type_support.cpp.o[0m
[3.136s] [ 44%] [32mBuilding CXX object CMakeFiles/robstride_core__rosidl_typesupport_c.dir/rosidl_typesupport_c/robstride_core/msg/mit_cmd__type_support.cpp.o[0m
[3.160s] [ 46%] [32mBuilding C object CMakeFiles/robstride_core__rosidl_typesupport_introspection_c.dir/rosidl_typesupport_introspection_c/robstride_core/msg/detail/mit_cmd__type_support.c.o[0m
[3.160s] [ 48%] [32mBuilding C object CMakeFiles/robstride_core__rosidl_typesupport_introspection_c.dir/rosidl_typesupport_introspection_c/robstride_core/msg/detail/goal_event__type_support.c.o[0m
[3.172s] [ 55%] [32mBuilding CXX object CMakeFiles/robstride_core__rosidl_typesupport_fastrtps_c.dir/rosidl_typesupport_fastrtps_c/robstride_core/msg/detail/goal_event__type_support_c.cpp.o[0m
[3.172s] [ 55%] [32mBuilding CXX object CMakeFiles/robstride_core__rosidl_typesupport_fastrtps_c.dir/rosidl_typesupport_fastrtps_c/robstride_core/msg/detail/mit_cmd__type_support_c.cpp.o[0m
[3.172s] [ 55%] [32m[1mLinking CXX shared library librobstride_core__rosidl_typesupport_c.so[0m
[3.202s] [ 58%] [32m[1mLinking C shared library librobstride_core__rosidl_typesupport_introspection_c.so[0m
[3.232s] [ 58%] Built target robstride_core__rosidl_typesupport_c
[3.241s] [ 58%] Built target robstride_core__rosidl_typesupport_introspection_c
[3.300s] [ 60%] [32m[1mLinking CXX shared library librobstride_core__rosidl_typesupport_cpp.so[0m
[3.357s] [ 60%] Built target robstride_core__rosidl_typesupport_cpp
[3.468s] [ 62%] [32m[1mLinking CXX shared library librobstride_core__rosidl_typesupport_introspection_cpp.so[0m
[3.535s] [ 65%] [32m[1mLinking CXX shared library librobstride_core__rosidl_typesupport_fastrtps_cpp.so[0m
[3.544s] [ 65%] Built target robstride_core__rosidl_typesupport_introspection_cpp
[3.591s] [ 65%] Built target robstride_core__rosidl_typesupport_fastrtps_cpp
[3.592s] [ 67%] [32m[1mLinking CXX shared library librobstride_core__rosidl_typesupport_fastrtps_c.so[0m
[3.644s] [ 67%] Built target robstride_core__rosidl_typesupport_fastrtps_c
[3.660s] [ 67%] Built target robstride_core
[3.677s] [ 74%] [32mBuilding CXX object CMakeFiles/control_node.dir/src/control.cpp.o[0m
[3.677s] [ 74%] [32mBuilding CXX object CMakeFiles/at_bridge_cmd2at.dir/src/at_bridge_cmd2at.cpp.o[0m
[3.677s] [ 74%] [34m[1mGenerating Python code for ROS interfaces[0m
[4.039s] [01m[K/home/ubuntu/Desktop/ros2_ws/CatchRobo-r08/src/robstride_core/src/at_bridge_cmd2at.cpp:5:10:[m[K [01;31m[Kfatal error: [m[Kstd_msgs/msg/u_int16_multi_array.hpp: No such file or directory
[4.039s]     5 | #include [01;31m[K<std_msgs/msg/u_int16_multi_array.hpp>[m[K
[4.039s]       |          [01;31m[K^~~~~~~~~~~~~~~~~~~~~~~~~~~~~~~~~~~~~~[m[K
[4.039s] compilation terminated.
[4.041s] gmake[2]: *** [CMakeFiles/at_bridge_cmd2at.dir/build.make:76: CMakeFiles/at_bridge_cmd2at.dir/src/at_bridge_cmd2at.cpp.o] Error 1
[4.041s] gmake[1]: *** [CMakeFiles/Makefile2:596: CMakeFiles/at_bridge_cmd2at.dir/all] Error 2
[4.041s] gmake[1]: *** Waiting for unfinished jobs....
[4.133s] [ 74%] Built target robstride_core__py
[13.353s] [ 76%] [32m[1mLinking CXX executable control_node[0m
[13.733s] [ 76%] Built target control_node
[13.734s] gmake: *** [Makefile:146: all] Error 2
[13.737s] Invoked command in '/home/ubuntu/Desktop/ros2_ws/CatchRobo-r08/build/robstride_core' returned '2': /usr/bin/cmake --build /home/ubuntu/Desktop/ros2_ws/CatchRobo-r08/build/robstride_core -- -j16 -l16
