[35m[1mConsolidate compiler generated dependencies of target csv_sequencer_node[0m
[  2%] Built target robstride_core__cpp
[ 11%] Built target robstride_core__rosidl_generator_c
[ 11%] Built target ament_cmake_python_copy_robstride_core
[ 15%] Built target csv_sequencer_node
[ 24%] Built target robstride_core__rosidl_typesupport_introspection_c
[ 48%] Built target robstride_core__rosidl_typesupport_fastrtps_cpp
[ 51%] Built target robstride_core__rosidl_typesupport_introspection_cpp
[ 51%] Built target robstride_core__rosidl_typesupport_fastrtps_c
[ 68%] Built target robstride_core__rosidl_typesupport_cpp
[ 68%] Built target robstride_core__rosidl_typesupport_c
[35m[1mConsolidate compiler generated dependencies of target at_bridge_cmd2at[0m
[35m[1mConsolidate compiler generated dependencies of target control_node[0m
[ 68%] Built target robstride_core
[ 75%] [32mBuilding CXX object CMakeFiles/control_node.dir/src/control.cpp.o[0m
[ 75%] Built target at_bridge_cmd2at
[ 77%] Built target robstride_core__py
[ 84%] Built target robstride_core__rosidl_generator_py
[ 93%] Built target robstride_core__rosidl_typesupport_introspection_c__pyext
[ 93%] Built target robstride_core__rosidl_typesupport_fastrtps_c__pyext
[ 97%] Built target robstride_core__rosidl_typesupport_c__pyext
running egg_info
writing robstride_core.egg-info/PKG-INFO
writing dependency_links to robstride_core.egg-info/dependency_links.txt
writing top-level names to robstride_core.egg-info/top_level.txt
reading manifest file 'robstride_core.egg-info/SOURCES.txt'
writing manifest file 'robstride_core.egg-info/SOURCES.txt'
[ 97%] Built target ament_cmake_python_build_robstride_core_egg
[01m[K/home/ubuntu/Desktop/ros2_ws/CatchRobo-r08/src/robstride_core/src/control.cpp:[m[K In member function â€˜[01m[Kvoid ControlNode::on_observe(std_msgs::msg::UInt16MultiArray_<std::allocator<void> >::SharedPtr)[m[Kâ€™:
[01m[K/home/ubuntu/Desktop/ros2_ws/CatchRobo-r08/src/robstride_core/src/control.cpp:87:24:[m[K [01;31m[Kerror: [m[Kâ€˜[01m[Kclass rclcpp::Time[m[Kâ€™ has no member named â€˜[01m[Kto_msg[m[Kâ€™
   87 |       ev.stamp = now().[01;31m[Kto_msg[m[K();
      |                        [01;31m[K^~~~~~[m[K
gmake[2]: *** [CMakeFiles/control_node.dir/build.make:76: CMakeFiles/control_node.dir/src/control.cpp.o] Error 1
gmake[1]: *** [CMakeFiles/Makefile2:624: CMakeFiles/control_node.dir/all] Error 2
gmake: *** [Makefile:146: all] Error 2
