[0.065s] Invoking command in '/home/ubuntu/Desktop/ros2_ws/CatchRobo-r08/build/robstride_core': /usr/bin/cmake --build /home/ubuntu/Desktop/ros2_ws/CatchRobo-r08/build/robstride_core -- -j16 -l16
[0.096s] [35m[1mConsolidate compiler generated dependencies of target csv_sequencer_node[0m
[0.103s] [  2%] Built target robstride_core__cpp
[0.104s] [ 11%] Built target robstride_core__rosidl_generator_c
[0.113s] [ 11%] Built target ament_cmake_python_copy_robstride_core
[0.115s] [ 15%] Built target csv_sequencer_node
[0.123s] [ 24%] Built target robstride_core__rosidl_typesupport_introspection_c
[0.123s] [ 48%] Built target robstride_core__rosidl_typesupport_fastrtps_cpp
[0.123s] [ 51%] Built target robstride_core__rosidl_typesupport_introspection_cpp
[0.123s] [ 51%] Built target robstride_core__rosidl_typesupport_fastrtps_c
[0.124s] [ 68%] Built target robstride_core__rosidl_typesupport_cpp
[0.124s] [ 68%] Built target robstride_core__rosidl_typesupport_c
[0.133s] [35m[1mConsolidate compiler generated dependencies of target at_bridge_cmd2at[0m
[0.134s] [35m[1mConsolidate compiler generated dependencies of target control_node[0m
[0.138s] [ 68%] Built target robstride_core
[0.150s] [ 75%] [32mBuilding CXX object CMakeFiles/control_node.dir/src/control.cpp.o[0m
[0.150s] [ 75%] Built target at_bridge_cmd2at
[0.155s] [ 77%] Built target robstride_core__py
[0.172s] [ 84%] Built target robstride_core__rosidl_generator_py
[0.189s] [ 93%] Built target robstride_core__rosidl_typesupport_introspection_c__pyext
[0.190s] [ 93%] Built target robstride_core__rosidl_typesupport_fastrtps_c__pyext
[0.190s] [ 97%] Built target robstride_core__rosidl_typesupport_c__pyext
[0.330s] running egg_info
[0.330s] writing robstride_core.egg-info/PKG-INFO
[0.331s] writing dependency_links to robstride_core.egg-info/dependency_links.txt
[0.331s] writing top-level names to robstride_core.egg-info/top_level.txt
[0.332s] reading manifest file 'robstride_core.egg-info/SOURCES.txt'
[0.333s] writing manifest file 'robstride_core.egg-info/SOURCES.txt'
[0.354s] [ 97%] Built target ament_cmake_python_build_robstride_core_egg
[2.029s] [01m[K/home/ubuntu/Desktop/ros2_ws/CatchRobo-r08/src/robstride_core/src/control.cpp:[m[K In member function â€˜[01m[Kvoid ControlNode::on_observe(std_msgs::msg::UInt16MultiArray_<std::allocator<void> >::SharedPtr)[m[Kâ€™:
[2.029s] [01m[K/home/ubuntu/Desktop/ros2_ws/CatchRobo-r08/src/robstride_core/src/control.cpp:87:24:[m[K [01;31m[Kerror: [m[Kâ€˜[01m[Kclass rclcpp::Time[m[Kâ€™ has no member named â€˜[01m[Kto_msg[m[Kâ€™
[2.029s]    87 |       ev.stamp = now().[01;31m[Kto_msg[m[K();
[2.029s]       |                        [01;31m[K^~~~~~[m[K
[4.548s] gmake[2]: *** [CMakeFiles/control_node.dir/build.make:76: CMakeFiles/control_node.dir/src/control.cpp.o] Error 1
[4.548s] gmake[1]: *** [CMakeFiles/Makefile2:624: CMakeFiles/control_node.dir/all] Error 2
[4.548s] gmake: *** [Makefile:146: all] Error 2
[4.551s] Invoked command in '/home/ubuntu/Desktop/ros2_ws/CatchRobo-r08/build/robstride_core' returned '2': /usr/bin/cmake --build /home/ubuntu/Desktop/ros2_ws/CatchRobo-r08/build/robstride_core -- -j16 -l16
