-- Found ament_cmake: 1.3.5 (/opt/ros/humble/share/ament_cmake/cmake)
-- Found rosidl_default_generators: 1.2.0 (/opt/ros/humble/share/rosidl_default_generators/cmake)
-- Using all available rosidl_typesupport_c: rosidl_typesupport_fastrtps_c;rosidl_typesupport_introspection_c
-- Found rosidl_adapter: 3.1.5 (/opt/ros/humble/share/rosidl_adapter/cmake)
-- Using all available rosidl_typesupport_cpp: rosidl_typesupport_fastrtps_cpp;rosidl_typesupport_introspection_cpp
-- Found builtin_interfaces: 1.2.1 (/opt/ros/humble/share/builtin_interfaces/cmake)
-- Found rclcpp: 16.0.6 (/opt/ros/humble/share/rclcpp/cmake)
-- Found rmw_implementation_cmake: 6.1.1 (/opt/ros/humble/share/rmw_implementation_cmake/cmake)
-- Found rmw_fastrtps_cpp: 6.2.4 (/opt/ros/humble/share/rmw_fastrtps_cpp/cmake)
-- Using RMW implementation 'rmw_fastrtps_cpp' as default
-- Found ament_cmake_ros: 0.10.0 (/opt/ros/humble/share/ament_cmake_ros/cmake)
-- Using all available rosidl_typesupport_c: rosidl_typesupport_fastrtps_c;rosidl_typesupport_introspection_c
-- Using all available rosidl_typesupport_cpp: rosidl_typesupport_fastrtps_cpp;rosidl_typesupport_introspection_cpp
-- Found python_cmake_module: 0.10.0 (/opt/ros/humble/share/python_cmake_module/cmake)
-- Using PYTHON_EXECUTABLE: /usr/bin/python3
-- Using PYTHON_INCLUDE_DIRS: /usr/include/python3.10
-- Using PYTHON_LIBRARIES: /usr/lib/x86_64-linux-gnu/libpython3.10.so
[0mCMake Deprecation Warning at /opt/ros/humble/share/rosidl_cmake/cmake/rosidl_target_interfaces.cmake:32 (message):
  Use rosidl_get_typesupport_target() and target_link_libraries() instead of
  rosidl_target_interfaces()
Call Stack (most recent call first):
  CMakeLists.txt:27 (rosidl_target_interfaces)

[0m
[0mCMake Deprecation Warning at /opt/ros/humble/share/rosidl_cmake/cmake/rosidl_target_interfaces.cmake:32 (message):
  Use rosidl_get_typesupport_target() and target_link_libraries() instead of
  rosidl_target_interfaces()
Call Stack (most recent call first):
  CMakeLists.txt:31 (rosidl_target_interfaces)

[0m
-- Configuring done
-- Generating done
-- Build files have been written to: /home/ubuntu/Desktop/ros2_ws/CatchRobo-r08/build/robstride_core
[35m[1mConsolidate compiler generated dependencies of target robstride_core__rosidl_generator_c[0m
[  2%] Built target robstride_core__cpp
[ 11%] Built target robstride_core__rosidl_generator_c
[ 11%] Built target ament_cmake_python_copy_robstride_core
[35m[1mConsolidate compiler generated dependencies of target robstride_core__rosidl_typesupport_cpp[0m
[35m[1mConsolidate compiler generated dependencies of target robstride_core__rosidl_typesupport_fastrtps_cpp[0m
[35m[1mConsolidate compiler generated dependencies of target robstride_core__rosidl_typesupport_introspection_c[0m
[35m[1mConsolidate compiler generated dependencies of target robstride_core__rosidl_typesupport_introspection_cpp[0m
[35m[1mConsolidate compiler generated dependencies of target robstride_core__rosidl_typesupport_c[0m
[35m[1mConsolidate compiler generated dependencies of target robstride_core__rosidl_typesupport_fastrtps_c[0m
[ 20%] Built target robstride_core__rosidl_typesupport_c
[ 30%] Built target robstride_core__rosidl_typesupport_introspection_cpp
[ 39%] Built target robstride_core__rosidl_typesupport_cpp
[ 67%] Built target robstride_core__rosidl_typesupport_fastrtps_cpp
[ 65%] Built target robstride_core__rosidl_typesupport_introspection_c
[ 67%] Built target robstride_core__rosidl_typesupport_fastrtps_c
[ 67%] Built target robstride_core
[35m[1mConsolidate compiler generated dependencies of target control_node[0m
[ 72%] [32mBuilding CXX object CMakeFiles/at_bridge_cmd2at.dir/src/at_bridge_cmd2at.cpp.o[0m
[ 72%] Built target robstride_core__py
[ 76%] Built target control_node
[ 79%] [32mBuilding C object CMakeFiles/robstride_core__rosidl_generator_py.dir/rosidl_generator_py/robstride_core/msg/_goal_event_s.c.o[0m
[ 81%] [32mBuilding C object CMakeFiles/robstride_core__rosidl_generator_py.dir/rosidl_generator_py/robstride_core/msg/_mit_cmd_s.c.o[0m
[ 83%] [32m[1mLinking C shared library rosidl_generator_py/robstride_core/librobstride_core__rosidl_generator_py.so[0m
[ 83%] Built target robstride_core__rosidl_generator_py
[ 88%] [32mBuilding C object CMakeFiles/robstride_core__rosidl_typesupport_c__pyext.dir/rosidl_generator_py/robstride_core/_robstride_core_s.ep.rosidl_typesupport_c.c.o[0m
[ 88%] [32mBuilding C object CMakeFiles/robstride_core__rosidl_typesupport_introspection_c__pyext.dir/rosidl_generator_py/robstride_core/_robstride_core_s.ep.rosidl_typesupport_introspection_c.c.o[0m
[ 90%] [32mBuilding C object CMakeFiles/robstride_core__rosidl_typesupport_fastrtps_c__pyext.dir/rosidl_generator_py/robstride_core/_robstride_core_s.ep.rosidl_typesupport_fastrtps_c.c.o[0m
running egg_info
writing robstride_core.egg-info/PKG-INFO
writing dependency_links to robstride_core.egg-info/dependency_links.txt
writing top-level names to robstride_core.egg-info/top_level.txt
reading manifest file 'robstride_core.egg-info/SOURCES.txt'
writing manifest file 'robstride_core.egg-info/SOURCES.txt'
[ 90%] Built target ament_cmake_python_build_robstride_core_egg
[ 95%] [32m[1mLinking C shared library rosidl_generator_py/robstride_core/robstride_core_s__rosidl_typesupport_fastrtps_c.cpython-310-x86_64-linux-gnu.so[0m
[ 95%] [32m[1mLinking C shared library rosidl_generator_py/robstride_core/robstride_core_s__rosidl_typesupport_introspection_c.cpython-310-x86_64-linux-gnu.so[0m
[ 97%] [32m[1mLinking C shared library rosidl_generator_py/robstride_core/robstride_core_s__rosidl_typesupport_c.cpython-310-x86_64-linux-gnu.so[0m
[ 97%] Built target robstride_core__rosidl_typesupport_fastrtps_c__pyext
[ 97%] Built target robstride_core__rosidl_typesupport_c__pyext
[ 97%] Built target robstride_core__rosidl_typesupport_introspection_c__pyext
[01m[K/home/ubuntu/Desktop/ros2_ws/CatchRobo-r08/src/robstride_core/src/at_bridge_cmd2at.cpp:[m[K In lambda function:
[01m[K/home/ubuntu/Desktop/ros2_ws/CatchRobo-r08/src/robstride_core/src/at_bridge_cmd2at.cpp:143:49:[m[K [01;31m[Kerror: [m[Kâ€˜[01m[Khex_dump[m[Kâ€™ is not a member of â€˜[01m[Katwire[m[Kâ€™
  143 |       std_msgs::msg::String s; s.data = atwire::[01;31m[Khex_dump[m[K(fr); pub_raw_->publish(s);
      |                                                 [01;31m[K^~~~~~~~[m[K
gmake[2]: *** [CMakeFiles/at_bridge_cmd2at.dir/build.make:76: CMakeFiles/at_bridge_cmd2at.dir/src/at_bridge_cmd2at.cpp.o] Error 1
gmake[1]: *** [CMakeFiles/Makefile2:596: CMakeFiles/at_bridge_cmd2at.dir/all] Error 2
gmake: *** [Makefile:146: all] Error 2
