[0.057s] Invoking command in '/home/ubuntu/Desktop/ros2_ws/CatchRobo-r08/build/robstride_core': /usr/bin/cmake --build /home/ubuntu/Desktop/ros2_ws/CatchRobo-r08/build/robstride_core -- -j16 -l16
[0.077s] -- Found ament_cmake: 1.3.5 (/opt/ros/humble/share/ament_cmake/cmake)
[0.197s] -- Found rosidl_default_generators: 1.2.0 (/opt/ros/humble/share/rosidl_default_generators/cmake)
[0.198s] -- Using all available rosidl_typesupport_c: rosidl_typesupport_fastrtps_c;rosidl_typesupport_introspection_c
[0.200s] -- Found rosidl_adapter: 3.1.5 (/opt/ros/humble/share/rosidl_adapter/cmake)
[0.229s] -- Using all available rosidl_typesupport_cpp: rosidl_typesupport_fastrtps_cpp;rosidl_typesupport_introspection_cpp
[0.251s] -- Found builtin_interfaces: 1.2.1 (/opt/ros/humble/share/builtin_interfaces/cmake)
[0.267s] -- Found rclcpp: 16.0.6 (/opt/ros/humble/share/rclcpp/cmake)
[0.308s] -- Found rmw_implementation_cmake: 6.1.1 (/opt/ros/humble/share/rmw_implementation_cmake/cmake)
[0.309s] -- Found rmw_fastrtps_cpp: 6.2.4 (/opt/ros/humble/share/rmw_fastrtps_cpp/cmake)
[0.474s] -- Using RMW implementation 'rmw_fastrtps_cpp' as default
[0.825s] -- Found ament_cmake_ros: 0.10.0 (/opt/ros/humble/share/ament_cmake_ros/cmake)
[0.978s] -- Using all available rosidl_typesupport_c: rosidl_typesupport_fastrtps_c;rosidl_typesupport_introspection_c
[1.174s] -- Using all available rosidl_typesupport_cpp: rosidl_typesupport_fastrtps_cpp;rosidl_typesupport_introspection_cpp
[1.192s] -- Found python_cmake_module: 0.10.0 (/opt/ros/humble/share/python_cmake_module/cmake)
[1.211s] -- Using PYTHON_EXECUTABLE: /usr/bin/python3
[1.211s] -- Using PYTHON_INCLUDE_DIRS: /usr/include/python3.10
[1.211s] -- Using PYTHON_LIBRARIES: /usr/lib/x86_64-linux-gnu/libpython3.10.so
[1.222s] [0mCMake Deprecation Warning at /opt/ros/humble/share/rosidl_cmake/cmake/rosidl_target_interfaces.cmake:32 (message):
[1.222s]   Use rosidl_get_typesupport_target() and target_link_libraries() instead of
[1.222s]   rosidl_target_interfaces()
[1.222s] Call Stack (most recent call first):
[1.222s]   CMakeLists.txt:27 (rosidl_target_interfaces)
[1.223s] 
[1.223s] [0m
[1.223s] [0mCMake Deprecation Warning at /opt/ros/humble/share/rosidl_cmake/cmake/rosidl_target_interfaces.cmake:32 (message):
[1.223s]   Use rosidl_get_typesupport_target() and target_link_libraries() instead of
[1.223s]   rosidl_target_interfaces()
[1.223s] Call Stack (most recent call first):
[1.223s]   CMakeLists.txt:31 (rosidl_target_interfaces)
[1.223s] 
[1.223s] [0m
[1.228s] -- Configuring done
[1.278s] -- Generating done
[1.282s] -- Build files have been written to: /home/ubuntu/Desktop/ros2_ws/CatchRobo-r08/build/robstride_core
[1.308s] [35m[1mConsolidate compiler generated dependencies of target robstride_core__rosidl_generator_c[0m
[1.317s] [  2%] Built target robstride_core__cpp
[1.318s] [ 11%] Built target robstride_core__rosidl_generator_c
[1.325s] [ 11%] Built target ament_cmake_python_copy_robstride_core
[1.326s] [35m[1mConsolidate compiler generated dependencies of target robstride_core__rosidl_typesupport_cpp[0m
[1.326s] [35m[1mConsolidate compiler generated dependencies of target robstride_core__rosidl_typesupport_fastrtps_cpp[0m
[1.326s] [35m[1mConsolidate compiler generated dependencies of target robstride_core__rosidl_typesupport_introspection_c[0m
[1.327s] [35m[1mConsolidate compiler generated dependencies of target robstride_core__rosidl_typesupport_introspection_cpp[0m
[1.327s] [35m[1mConsolidate compiler generated dependencies of target robstride_core__rosidl_typesupport_c[0m
[1.327s] [35m[1mConsolidate compiler generated dependencies of target robstride_core__rosidl_typesupport_fastrtps_c[0m
[1.336s] [ 20%] Built target robstride_core__rosidl_typesupport_c
[1.339s] [ 30%] Built target robstride_core__rosidl_typesupport_introspection_cpp
[1.339s] [ 39%] Built target robstride_core__rosidl_typesupport_cpp
[1.340s] [ 67%] Built target robstride_core__rosidl_typesupport_fastrtps_cpp
[1.340s] [ 65%] Built target robstride_core__rosidl_typesupport_introspection_c
[1.340s] [ 67%] Built target robstride_core__rosidl_typesupport_fastrtps_c
[1.356s] [ 67%] Built target robstride_core
[1.365s] [35m[1mConsolidate compiler generated dependencies of target control_node[0m
[1.375s] [ 72%] [32mBuilding CXX object CMakeFiles/at_bridge_cmd2at.dir/src/at_bridge_cmd2at.cpp.o[0m
[1.375s] [ 72%] Built target robstride_core__py
[1.388s] [ 76%] Built target control_node
[1.395s] [ 79%] [32mBuilding C object CMakeFiles/robstride_core__rosidl_generator_py.dir/rosidl_generator_py/robstride_core/msg/_goal_event_s.c.o[0m
[1.396s] [ 81%] [32mBuilding C object CMakeFiles/robstride_core__rosidl_generator_py.dir/rosidl_generator_py/robstride_core/msg/_mit_cmd_s.c.o[0m
[1.548s] [ 83%] [32m[1mLinking C shared library rosidl_generator_py/robstride_core/librobstride_core__rosidl_generator_py.so[0m
[1.585s] [ 83%] Built target robstride_core__rosidl_generator_py
[1.602s] [ 88%] [32mBuilding C object CMakeFiles/robstride_core__rosidl_typesupport_c__pyext.dir/rosidl_generator_py/robstride_core/_robstride_core_s.ep.rosidl_typesupport_c.c.o[0m
[1.603s] [ 88%] [32mBuilding C object CMakeFiles/robstride_core__rosidl_typesupport_introspection_c__pyext.dir/rosidl_generator_py/robstride_core/_robstride_core_s.ep.rosidl_typesupport_introspection_c.c.o[0m
[1.606s] [ 90%] [32mBuilding C object CMakeFiles/robstride_core__rosidl_typesupport_fastrtps_c__pyext.dir/rosidl_generator_py/robstride_core/_robstride_core_s.ep.rosidl_typesupport_fastrtps_c.c.o[0m
[1.609s] running egg_info
[1.610s] writing robstride_core.egg-info/PKG-INFO
[1.610s] writing dependency_links to robstride_core.egg-info/dependency_links.txt
[1.611s] writing top-level names to robstride_core.egg-info/top_level.txt
[1.614s] reading manifest file 'robstride_core.egg-info/SOURCES.txt'
[1.615s] writing manifest file 'robstride_core.egg-info/SOURCES.txt'
[1.649s] [ 90%] Built target ament_cmake_python_build_robstride_core_egg
[1.708s] [ 95%] [32m[1mLinking C shared library rosidl_generator_py/robstride_core/robstride_core_s__rosidl_typesupport_fastrtps_c.cpython-310-x86_64-linux-gnu.so[0m
[1.708s] [ 95%] [32m[1mLinking C shared library rosidl_generator_py/robstride_core/robstride_core_s__rosidl_typesupport_introspection_c.cpython-310-x86_64-linux-gnu.so[0m
[1.708s] [ 97%] [32m[1mLinking C shared library rosidl_generator_py/robstride_core/robstride_core_s__rosidl_typesupport_c.cpython-310-x86_64-linux-gnu.so[0m
[1.739s] [ 97%] Built target robstride_core__rosidl_typesupport_fastrtps_c__pyext
[1.739s] [ 97%] Built target robstride_core__rosidl_typesupport_c__pyext
[1.739s] [ 97%] Built target robstride_core__rosidl_typesupport_introspection_c__pyext
[3.532s] [01m[K/home/ubuntu/Desktop/ros2_ws/CatchRobo-r08/src/robstride_core/src/at_bridge_cmd2at.cpp:[m[K In lambda function:
[3.532s] [01m[K/home/ubuntu/Desktop/ros2_ws/CatchRobo-r08/src/robstride_core/src/at_bridge_cmd2at.cpp:143:49:[m[K [01;31m[Kerror: [m[Kâ€˜[01m[Khex_dump[m[Kâ€™ is not a member of â€˜[01m[Katwire[m[Kâ€™
[3.532s]   143 |       std_msgs::msg::String s; s.data = atwire::[01;31m[Khex_dump[m[K(fr); pub_raw_->publish(s);
[3.532s]       |                                                 [01;31m[K^~~~~~~~[m[K
[5.736s] gmake[2]: *** [CMakeFiles/at_bridge_cmd2at.dir/build.make:76: CMakeFiles/at_bridge_cmd2at.dir/src/at_bridge_cmd2at.cpp.o] Error 1
[5.736s] gmake[1]: *** [CMakeFiles/Makefile2:596: CMakeFiles/at_bridge_cmd2at.dir/all] Error 2
[5.737s] gmake: *** [Makefile:146: all] Error 2
[5.741s] Invoked command in '/home/ubuntu/Desktop/ros2_ws/CatchRobo-r08/build/robstride_core' returned '2': /usr/bin/cmake --build /home/ubuntu/Desktop/ros2_ws/CatchRobo-r08/build/robstride_core -- -j16 -l16
