[0.000000] (-) TimerEvent: {}
[0.000476] (-) JobUnselected: {'identifier': 'atcan_bridge'}
[0.000535] (robstride_core) JobQueued: {'identifier': 'robstride_core', 'dependencies': OrderedDict()}
[0.000936] (robstride_core) JobStarted: {'identifier': 'robstride_core'}
[0.025450] (robstride_core) JobProgress: {'identifier': 'robstride_core', 'progress': 'cmake'}
[0.026519] (robstride_core) JobProgress: {'identifier': 'robstride_core', 'progress': 'build'}
[0.027198] (robstride_core) Command: {'cmd': ['/usr/bin/cmake', '--build', '/home/ubuntu/Desktop/ros2_ws/CatchRobo-r08/build/robstride_core', '--', '-j16', '-l16'], 'cwd': '/home/ubuntu/Desktop/ros2_ws/CatchRobo-r08/build/robstride_core', 'env': OrderedDict([('LESSOPEN', '| /usr/bin/lesspipe %s'), ('USER', 'ubuntu'), ('HOSTNAME', '5bb858d40e38'), ('GIT_ASKPASS', '/root/.vscode-server/bin/6f17636121051a53c88d3e605c491d22af2ba755/extensions/git/dist/askpass.sh'), ('SHLVL', '2'), ('BROWSER', '/root/.vscode-server/bin/6f17636121051a53c88d3e605c491d22af2ba755/bin/helpers/browser.sh'), ('HOME', '/root'), ('TERM_PROGRAM_VERSION', '1.103.2'), ('VSCODE_IPC_HOOK_CLI', '/tmp/vscode-ipc-ffd5465f-0886-4f43-8a70-ef70f9e85814.sock'), ('GTK_MODULES', 'appmenu-gtk-module'), ('VSCODE_GIT_ASKPASS_MAIN', '/root/.vscode-server/bin/6f17636121051a53c88d3e605c491d22af2ba755/extensions/git/dist/askpass-main.js'), ('VSCODE_GIT_ASKPASS_NODE', '/root/.vscode-server/bin/6f17636121051a53c88d3e605c491d22af2ba755/node'), ('LC_CTYPE', 'C.UTF-8'), ('COLORTERM', 'truecolor'), ('REMOTE_CONTAINERS', 'true'), ('UBUNTU_MENUPROXY', '1'), ('DEBUGINFOD_URLS', ''), ('ROS_DISTRO', 'humble'), ('REMOTE_CONTAINERS_IPC', '/tmp/vscode-remote-containers-ipc-0214b10c-ef16-4a1a-86a9-95aa29188f67.sock'), ('_', '/usr/bin/colcon'), ('TERM', 'xterm-256color'), ('PATH', '/root/.vscode-server/bin/6f17636121051a53c88d3e605c491d22af2ba755/bin/remote-cli:/usr/local/sbin:/usr/local/bin:/usr/sbin:/usr/bin:/sbin:/bin:/snap/bin:/root/.vscode-server/data/User/globalStorage/github.copilot-chat/debugCommand'), ('REMOTE_CONTAINERS_SOCKETS', '["/tmp/.X11-unix/X15","/root/.gnupg/S.gpg-agent"]'), ('DISPLAY', ':15'), ('LANG', 'en_US.UTF-8'), ('LS_COLORS', 'rs=0:di=01;34:ln=01;36:mh=00:pi=40;33:so=01;35:do=01;35:bd=40;33;01:cd=40;33;01:or=40;31;01:mi=00:su=37;41:sg=30;43:ca=30;41:tw=30;42:ow=34;42:st=37;44:ex=01;32:*.tar=01;31:*.tgz=01;31:*.arc=01;31:*.arj=01;31:*.taz=01;31:*.lha=01;31:*.lz4=01;31:*.lzh=01;31:*.lzma=01;31:*.tlz=01;31:*.txz=01;31:*.tzo=01;31:*.t7z=01;31:*.zip=01;31:*.z=01;31:*.dz=01;31:*.gz=01;31:*.lrz=01;31:*.lz=01;31:*.lzo=01;31:*.xz=01;31:*.zst=01;31:*.tzst=01;31:*.bz2=01;31:*.bz=01;31:*.tbz=01;31:*.tbz2=01;31:*.tz=01;31:*.deb=01;31:*.rpm=01;31:*.jar=01;31:*.war=01;31:*.ear=01;31:*.sar=01;31:*.rar=01;31:*.alz=01;31:*.ace=01;31:*.zoo=01;31:*.cpio=01;31:*.7z=01;31:*.rz=01;31:*.cab=01;31:*.wim=01;31:*.swm=01;31:*.dwm=01;31:*.esd=01;31:*.jpg=01;35:*.jpeg=01;35:*.mjpg=01;35:*.mjpeg=01;35:*.gif=01;35:*.bmp=01;35:*.pbm=01;35:*.pgm=01;35:*.ppm=01;35:*.tga=01;35:*.xbm=01;35:*.xpm=01;35:*.tif=01;35:*.tiff=01;35:*.png=01;35:*.svg=01;35:*.svgz=01;35:*.mng=01;35:*.pcx=01;35:*.mov=01;35:*.mpg=01;35:*.mpeg=01;35:*.m2v=01;35:*.mkv=01;35:*.webm=01;35:*.webp=01;35:*.ogm=01;35:*.mp4=01;35:*.m4v=01;35:*.mp4v=01;35:*.vob=01;35:*.qt=01;35:*.nuv=01;35:*.wmv=01;35:*.asf=01;35:*.rm=01;35:*.rmvb=01;35:*.flc=01;35:*.avi=01;35:*.fli=01;35:*.flv=01;35:*.gl=01;35:*.dl=01;35:*.xcf=01;35:*.xwd=01;35:*.yuv=01;35:*.cgm=01;35:*.emf=01;35:*.ogv=01;35:*.ogx=01;35:*.aac=00;36:*.au=00;36:*.flac=00;36:*.m4a=00;36:*.mid=00;36:*.midi=00;36:*.mka=00;36:*.mp3=00;36:*.mpc=00;36:*.ogg=00;36:*.ra=00;36:*.wav=00;36:*.oga=00;36:*.opus=00;36:*.spx=00;36:*.xspf=00;36:'), ('VSCODE_GIT_IPC_HANDLE', '/tmp/vscode-git-68773fdb97.sock'), ('TERM_PROGRAM', 'vscode'), ('REMOTE_CONTAINERS_DISPLAY_SOCK', '/tmp/.X11-unix/X15'), ('SHELL', '/bin/bash'), ('LESSCLOSE', '/usr/bin/lesspipe %s %s'), ('PASSWD', 'ubuntu'), ('VSCODE_GIT_ASKPASS_EXTRA_ARGS', ''), ('PWD', '/home/ubuntu/Desktop/ros2_ws/CatchRobo-r08/build/robstride_core'), ('XDG_DATA_DIRS', '/usr/share/gnome:/root/.local/share/flatpak/exports/share:/var/lib/flatpak/exports/share:/usr/local/share:/usr/share:/var/lib/snapd/desktop'), ('COLCON', '1')]), 'shell': False}
[0.099495] (-) TimerEvent: {}
[0.141699] (robstride_core) StdoutLine: {'line': b'-- Found ament_cmake: 1.3.5 (/opt/ros/humble/share/ament_cmake/cmake)\n'}
[0.199604] (-) TimerEvent: {}
[0.238502] (robstride_core) StderrLine: {'line': b'Traceback (most recent call last):\n'}
[0.238764] (robstride_core) StderrLine: {'line': b'  File "/opt/ros/humble/share/ament_cmake_core/cmake/package_templates/templates_2_cmake.py", line 21, in <module>\n'}
[0.238857] (robstride_core) StderrLine: {'line': b'    from ament_package.templates import get_environment_hook_template_path\n'}
[0.238933] (robstride_core) StderrLine: {'line': b"ModuleNotFoundError: No module named 'ament_package'\n"}
[0.243318] (robstride_core) StderrLine: {'line': b'\x1b[31mCMake Error at /opt/ros/humble/share/ament_cmake_core/cmake/ament_cmake_package_templates-extras.cmake:41 (message):\n'}
[0.243455] (robstride_core) StderrLine: {'line': b'  execute_process(/usr/bin/python3.10\n'}
[0.243525] (robstride_core) StderrLine: {'line': b'  /opt/ros/humble/share/ament_cmake_core/cmake/package_templates/templates_2_cmake.py\n'}
[0.243698] (robstride_core) StderrLine: {'line': b'  /home/ubuntu/Desktop/ros2_ws/CatchRobo-r08/build/robstride_core/ament_cmake_package_templates/templates.cmake)\n'}
[0.243869] (robstride_core) StderrLine: {'line': b'  returned error code 1\n'}
[0.244020] (robstride_core) StderrLine: {'line': b'Call Stack (most recent call first):\n'}
[0.244213] (robstride_core) StderrLine: {'line': b'  /opt/ros/humble/share/ament_cmake_core/cmake/ament_cmake_coreConfig.cmake:41 (include)\n'}
[0.244416] (robstride_core) StderrLine: {'line': b'  /opt/ros/humble/share/ament_cmake/cmake/ament_cmake_export_dependencies-extras.cmake:15 (find_package)\n'}
[0.244488] (robstride_core) StderrLine: {'line': b'  /opt/ros/humble/share/ament_cmake/cmake/ament_cmakeConfig.cmake:41 (include)\n'}
[0.244548] (robstride_core) StderrLine: {'line': b'  CMakeLists.txt:4 (find_package)\n'}
[0.244603] (robstride_core) StderrLine: {'line': b'\n'}
[0.244659] (robstride_core) StderrLine: {'line': b'\x1b[0m\n'}
[0.244716] (robstride_core) StdoutLine: {'line': b'-- Configuring incomplete, errors occurred!\n'}
[0.244791] (robstride_core) StdoutLine: {'line': b'See also "/home/ubuntu/Desktop/ros2_ws/CatchRobo-r08/build/robstride_core/CMakeFiles/CMakeOutput.log".\n'}
[0.247454] (robstride_core) StderrLine: {'line': b'gmake: *** [Makefile:1045: cmake_check_build_system] Error 1\n'}
[0.249744] (robstride_core) CommandEnded: {'returncode': 2}
[0.299718] (-) TimerEvent: {}
[0.400079] (-) TimerEvent: {}
[0.409504] (robstride_core) JobEnded: {'identifier': 'robstride_core', 'rc': 2}
[0.420287] (-) EventReactorShutdown: {}
