[0.031s] Invoking command in '/home/ubuntu/Desktop/ros2_ws/CatchRobo-r08/build/robstride_core': /usr/bin/cmake --build /home/ubuntu/Desktop/ros2_ws/CatchRobo-r08/build/robstride_core -- -j16 -l16
[0.141s] -- Found ament_cmake: 1.3.5 (/opt/ros/humble/share/ament_cmake/cmake)
[0.238s] Traceback (most recent call last):
[0.238s]   File "/opt/ros/humble/share/ament_cmake_core/cmake/package_templates/templates_2_cmake.py", line 21, in <module>
[0.238s]     from ament_package.templates import get_environment_hook_template_path
[0.238s] ModuleNotFoundError: No module named 'ament_package'
[0.242s] [31mCMake Error at /opt/ros/humble/share/ament_cmake_core/cmake/ament_cmake_package_templates-extras.cmake:41 (message):
[0.242s]   execute_process(/usr/bin/python3.10
[0.243s]   /opt/ros/humble/share/ament_cmake_core/cmake/package_templates/templates_2_cmake.py
[0.243s]   /home/ubuntu/Desktop/ros2_ws/CatchRobo-r08/build/robstride_core/ament_cmake_package_templates/templates.cmake)
[0.243s]   returned error code 1
[0.243s] Call Stack (most recent call first):
[0.243s]   /opt/ros/humble/share/ament_cmake_core/cmake/ament_cmake_coreConfig.cmake:41 (include)
[0.243s]   /opt/ros/humble/share/ament_cmake/cmake/ament_cmake_export_dependencies-extras.cmake:15 (find_package)
[0.243s]   /opt/ros/humble/share/ament_cmake/cmake/ament_cmakeConfig.cmake:41 (include)
[0.243s]   CMakeLists.txt:4 (find_package)
[0.244s] 
[0.244s] [0m
[0.244s] -- Configuring incomplete, errors occurred!
[0.244s] See also "/home/ubuntu/Desktop/ros2_ws/CatchRobo-r08/build/robstride_core/CMakeFiles/CMakeOutput.log".
[0.246s] gmake: *** [Makefile:1045: cmake_check_build_system] Error 1
[0.249s] Invoked command in '/home/ubuntu/Desktop/ros2_ws/CatchRobo-r08/build/robstride_core' returned '2': /usr/bin/cmake --build /home/ubuntu/Desktop/ros2_ws/CatchRobo-r08/build/robstride_core -- -j16 -l16
