-- Found ament_cmake: 1.3.5 (/opt/ros/humble/share/ament_cmake/cmake)
-- Found rosidl_default_generators: 1.2.0 (/opt/ros/humble/share/rosidl_default_generators/cmake)
-- Using all available rosidl_typesupport_c: rosidl_typesupport_fastrtps_c;rosidl_typesupport_introspection_c
-- Found rosidl_adapter: 3.1.5 (/opt/ros/humble/share/rosidl_adapter/cmake)
-- Using all available rosidl_typesupport_cpp: rosidl_typesupport_fastrtps_cpp;rosidl_typesupport_introspection_cpp
-- Found builtin_interfaces: 1.2.1 (/opt/ros/humble/share/builtin_interfaces/cmake)
-- Found rclcpp: 16.0.6 (/opt/ros/humble/share/rclcpp/cmake)
-- Found rmw_implementation_cmake: 6.1.1 (/opt/ros/humble/share/rmw_implementation_cmake/cmake)
-- Found rmw_fastrtps_cpp: 6.2.4 (/opt/ros/humble/share/rmw_fastrtps_cpp/cmake)
-- Using RMW implementation 'rmw_fastrtps_cpp' as default
-- Found geometry_msgs: 4.2.3 (/opt/ros/humble/share/geometry_msgs/cmake)
-- Found ament_cmake_ros: 0.10.0 (/opt/ros/humble/share/ament_cmake_ros/cmake)
-- Using all available rosidl_typesupport_c: rosidl_typesupport_fastrtps_c;rosidl_typesupport_introspection_c
-- Using all available rosidl_typesupport_cpp: rosidl_typesupport_fastrtps_cpp;rosidl_typesupport_introspection_cpp
-- Found python_cmake_module: 0.10.0 (/opt/ros/humble/share/python_cmake_module/cmake)
-- Using PYTHON_EXECUTABLE: /usr/bin/python3
-- Using PYTHON_INCLUDE_DIRS: /usr/include/python3.10
-- Using PYTHON_LIBRARIES: /usr/lib/x86_64-linux-gnu/libpython3.10.so
-- Configuring done
-- Generating done
-- Build files have been written to: /home/ubuntu/Desktop/ros2_ws/CatchRobo-r08/build/robstride_core
[35m[1mConsolidate compiler generated dependencies of target robstride_core__rosidl_generator_c[0m
[  2%] Built target robstride_core__cpp
[  4%] [32mBuilding CXX object CMakeFiles/csv_sequencer_node.dir/src/csv_sequencer_node.cpp.o[0m
[ 13%] Built target robstride_core__rosidl_generator_c
[35m[1mConsolidate compiler generated dependencies of target robstride_core__rosidl_typesupport_cpp[0m
[35m[1mConsolidate compiler generated dependencies of target robstride_core__rosidl_typesupport_fastrtps_cpp[0m
[35m[1mConsolidate compiler generated dependencies of target robstride_core__rosidl_typesupport_introspection_cpp[0m
[ 13%] Built target ament_cmake_python_copy_robstride_core
[35m[1mConsolidate compiler generated dependencies of target robstride_core__rosidl_typesupport_introspection_c[0m
[35m[1mConsolidate compiler generated dependencies of target robstride_core__rosidl_typesupport_fastrtps_c[0m
[35m[1mConsolidate compiler generated dependencies of target robstride_core__rosidl_typesupport_c[0m
[ 22%] Built target robstride_core__rosidl_typesupport_introspection_c
[ 31%] Built target robstride_core__rosidl_typesupport_cpp
[ 40%] Built target robstride_core__rosidl_typesupport_introspection_cpp
[ 48%] Built target robstride_core__rosidl_typesupport_fastrtps_cpp
[ 57%] Built target robstride_core__rosidl_typesupport_c
[ 66%] Built target robstride_core__rosidl_typesupport_fastrtps_c
[35m[1mConsolidate compiler generated dependencies of target at_bridge_cmd2at[0m
[35m[1mConsolidate compiler generated dependencies of target control_node[0m
[ 66%] Built target robstride_core
[ 68%] Built target robstride_core__py
[ 71%] [32mBuilding CXX object CMakeFiles/control_node.dir/src/control.cpp.o[0m
[ 73%] [32mBuilding CXX object CMakeFiles/at_bridge_cmd2at.dir/src/at_bridge_cmd2at.cpp.o[0m
[35m[1mConsolidate compiler generated dependencies of target robstride_core__rosidl_generator_py[0m
[ 80%] Built target robstride_core__rosidl_generator_py
[35m[1mConsolidate compiler generated dependencies of target robstride_core__rosidl_typesupport_fastrtps_c__pyext[0m
[35m[1mConsolidate compiler generated dependencies of target robstride_core__rosidl_typesupport_c__pyext[0m
[35m[1mConsolidate compiler generated dependencies of target robstride_core__rosidl_typesupport_introspection_c__pyext[0m
[ 84%] Built target robstride_core__rosidl_typesupport_c__pyext
[ 88%] Built target robstride_core__rosidl_typesupport_fastrtps_c__pyext
[ 93%] Built target robstride_core__rosidl_typesupport_introspection_c__pyext
running egg_info
writing robstride_core.egg-info/PKG-INFO
writing dependency_links to robstride_core.egg-info/dependency_links.txt
writing top-level names to robstride_core.egg-info/top_level.txt
reading manifest file 'robstride_core.egg-info/SOURCES.txt'
writing manifest file 'robstride_core.egg-info/SOURCES.txt'
[ 93%] Built target ament_cmake_python_build_robstride_core_egg
[01m[K/home/ubuntu/Desktop/ros2_ws/CatchRobo-r08/src/robstride_core/src/control.cpp:[m[K In member function â€˜[01m[Kvoid ControlNode::on_observe(std_msgs::msg::UInt16MultiArray_<std::allocator<void> >::SharedPtr)[m[Kâ€™:
[01m[K/home/ubuntu/Desktop/ros2_ws/CatchRobo-r08/src/robstride_core/src/control.cpp:85:24:[m[K [01;31m[Kerror: [m[Kâ€˜[01m[Kclass rclcpp::Time[m[Kâ€™ has no member named â€˜[01m[Kto_msg[m[Kâ€™
   85 |       ev.stamp = now().[01;31m[Kto_msg[m[K();
      |                        [01;31m[K^~~~~~[m[K
gmake[2]: *** [CMakeFiles/control_node.dir/build.make:76: CMakeFiles/control_node.dir/src/control.cpp.o] Error 1
gmake[1]: *** [CMakeFiles/Makefile2:624: CMakeFiles/control_node.dir/all] Error 2
gmake[1]: *** Waiting for unfinished jobs....
[ 95%] [32m[1mLinking CXX executable at_bridge_cmd2at[0m
[ 95%] Built target at_bridge_cmd2at
[ 97%] [32m[1mLinking CXX executable csv_sequencer_node[0m
[ 97%] Built target csv_sequencer_node
gmake: *** [Makefile:146: all] Error 2
