[0.069s] Invoking command in '/home/ubuntu/Desktop/ros2_ws/CatchRobo-r08/build/robstride_core': /usr/bin/cmake --build /home/ubuntu/Desktop/ros2_ws/CatchRobo-r08/build/robstride_core -- -j16 -l16
[0.119s] -- Found ament_cmake: 1.3.5 (/opt/ros/humble/share/ament_cmake/cmake)
[0.265s] -- Found rosidl_default_generators: 1.2.0 (/opt/ros/humble/share/rosidl_default_generators/cmake)
[0.268s] -- Using all available rosidl_typesupport_c: rosidl_typesupport_fastrtps_c;rosidl_typesupport_introspection_c
[0.272s] -- Found rosidl_adapter: 3.1.5 (/opt/ros/humble/share/rosidl_adapter/cmake)
[0.330s] -- Using all available rosidl_typesupport_cpp: rosidl_typesupport_fastrtps_cpp;rosidl_typesupport_introspection_cpp
[0.361s] -- Found builtin_interfaces: 1.2.1 (/opt/ros/humble/share/builtin_interfaces/cmake)
[0.380s] -- Found rclcpp: 16.0.6 (/opt/ros/humble/share/rclcpp/cmake)
[0.433s] -- Found rmw_implementation_cmake: 6.1.1 (/opt/ros/humble/share/rmw_implementation_cmake/cmake)
[0.436s] -- Found rmw_fastrtps_cpp: 6.2.4 (/opt/ros/humble/share/rmw_fastrtps_cpp/cmake)
[0.596s] -- Using RMW implementation 'rmw_fastrtps_cpp' as default
[0.730s] -- Found geometry_msgs: 4.2.3 (/opt/ros/humble/share/geometry_msgs/cmake)
[0.967s] -- Found ament_cmake_ros: 0.10.0 (/opt/ros/humble/share/ament_cmake_ros/cmake)
[1.110s] -- Using all available rosidl_typesupport_c: rosidl_typesupport_fastrtps_c;rosidl_typesupport_introspection_c
[1.295s] -- Using all available rosidl_typesupport_cpp: rosidl_typesupport_fastrtps_cpp;rosidl_typesupport_introspection_cpp
[1.314s] -- Found python_cmake_module: 0.10.0 (/opt/ros/humble/share/python_cmake_module/cmake)
[1.334s] -- Using PYTHON_EXECUTABLE: /usr/bin/python3
[1.334s] -- Using PYTHON_INCLUDE_DIRS: /usr/include/python3.10
[1.334s] -- Using PYTHON_LIBRARIES: /usr/lib/x86_64-linux-gnu/libpython3.10.so
[1.354s] -- Configuring done
[1.426s] -- Generating done
[1.431s] -- Build files have been written to: /home/ubuntu/Desktop/ros2_ws/CatchRobo-r08/build/robstride_core
[1.460s] [35m[1mConsolidate compiler generated dependencies of target robstride_core__rosidl_generator_c[0m
[1.467s] [  2%] Built target robstride_core__cpp
[1.467s] [  4%] [32mBuilding CXX object CMakeFiles/csv_sequencer_node.dir/src/csv_sequencer_node.cpp.o[0m
[1.475s] [ 13%] Built target robstride_core__rosidl_generator_c
[1.475s] [35m[1mConsolidate compiler generated dependencies of target robstride_core__rosidl_typesupport_cpp[0m
[1.475s] [35m[1mConsolidate compiler generated dependencies of target robstride_core__rosidl_typesupport_fastrtps_cpp[0m
[1.475s] [35m[1mConsolidate compiler generated dependencies of target robstride_core__rosidl_typesupport_introspection_cpp[0m
[1.479s] [ 13%] Built target ament_cmake_python_copy_robstride_core
[1.483s] [35m[1mConsolidate compiler generated dependencies of target robstride_core__rosidl_typesupport_introspection_c[0m
[1.484s] [35m[1mConsolidate compiler generated dependencies of target robstride_core__rosidl_typesupport_fastrtps_c[0m
[1.485s] [35m[1mConsolidate compiler generated dependencies of target robstride_core__rosidl_typesupport_c[0m
[1.494s] [ 22%] Built target robstride_core__rosidl_typesupport_introspection_c
[1.495s] [ 31%] Built target robstride_core__rosidl_typesupport_cpp
[1.495s] [ 40%] Built target robstride_core__rosidl_typesupport_introspection_cpp
[1.496s] [ 48%] Built target robstride_core__rosidl_typesupport_fastrtps_cpp
[1.497s] [ 57%] Built target robstride_core__rosidl_typesupport_c
[1.498s] [ 66%] Built target robstride_core__rosidl_typesupport_fastrtps_c
[1.504s] [35m[1mConsolidate compiler generated dependencies of target at_bridge_cmd2at[0m
[1.504s] [35m[1mConsolidate compiler generated dependencies of target control_node[0m
[1.515s] [ 66%] Built target robstride_core
[1.533s] [ 68%] Built target robstride_core__py
[1.539s] [ 71%] [32mBuilding CXX object CMakeFiles/control_node.dir/src/control.cpp.o[0m
[1.539s] [ 73%] [32mBuilding CXX object CMakeFiles/at_bridge_cmd2at.dir/src/at_bridge_cmd2at.cpp.o[0m
[1.542s] [35m[1mConsolidate compiler generated dependencies of target robstride_core__rosidl_generator_py[0m
[1.558s] [ 80%] Built target robstride_core__rosidl_generator_py
[1.566s] [35m[1mConsolidate compiler generated dependencies of target robstride_core__rosidl_typesupport_fastrtps_c__pyext[0m
[1.568s] [35m[1mConsolidate compiler generated dependencies of target robstride_core__rosidl_typesupport_c__pyext[0m
[1.569s] [35m[1mConsolidate compiler generated dependencies of target robstride_core__rosidl_typesupport_introspection_c__pyext[0m
[1.579s] [ 84%] Built target robstride_core__rosidl_typesupport_c__pyext
[1.580s] [ 88%] Built target robstride_core__rosidl_typesupport_fastrtps_c__pyext
[1.582s] [ 93%] Built target robstride_core__rosidl_typesupport_introspection_c__pyext
[1.727s] running egg_info
[1.728s] writing robstride_core.egg-info/PKG-INFO
[1.728s] writing dependency_links to robstride_core.egg-info/dependency_links.txt
[1.728s] writing top-level names to robstride_core.egg-info/top_level.txt
[1.730s] reading manifest file 'robstride_core.egg-info/SOURCES.txt'
[1.731s] writing manifest file 'robstride_core.egg-info/SOURCES.txt'
[1.753s] [ 93%] Built target ament_cmake_python_build_robstride_core_egg
[3.748s] [01m[K/home/ubuntu/Desktop/ros2_ws/CatchRobo-r08/src/robstride_core/src/control.cpp:[m[K In member function â€˜[01m[Kvoid ControlNode::on_observe(std_msgs::msg::UInt16MultiArray_<std::allocator<void> >::SharedPtr)[m[Kâ€™:
[3.748s] [01m[K/home/ubuntu/Desktop/ros2_ws/CatchRobo-r08/src/robstride_core/src/control.cpp:85:24:[m[K [01;31m[Kerror: [m[Kâ€˜[01m[Kclass rclcpp::Time[m[Kâ€™ has no member named â€˜[01m[Kto_msg[m[Kâ€™
[3.748s]    85 |       ev.stamp = now().[01;31m[Kto_msg[m[K();
[3.748s]       |                        [01;31m[K^~~~~~[m[K
[6.534s] gmake[2]: *** [CMakeFiles/control_node.dir/build.make:76: CMakeFiles/control_node.dir/src/control.cpp.o] Error 1
[6.534s] gmake[1]: *** [CMakeFiles/Makefile2:624: CMakeFiles/control_node.dir/all] Error 2
[6.534s] gmake[1]: *** Waiting for unfinished jobs....
[8.611s] [ 95%] [32m[1mLinking CXX executable at_bridge_cmd2at[0m
[8.942s] [ 95%] Built target at_bridge_cmd2at
[10.608s] [ 97%] [32m[1mLinking CXX executable csv_sequencer_node[0m
[10.950s] [ 97%] Built target csv_sequencer_node
[10.951s] gmake: *** [Makefile:146: all] Error 2
[10.954s] Invoked command in '/home/ubuntu/Desktop/ros2_ws/CatchRobo-r08/build/robstride_core' returned '2': /usr/bin/cmake --build /home/ubuntu/Desktop/ros2_ws/CatchRobo-r08/build/robstride_core -- -j16 -l16
